<?xml version="1.0" encoding="UTF-8"?>
<!-- Generated by org.testng.reporters.JUnitReportReporter -->
<testsuite hostname="Priyanka" failures="0" tests="4" name="EntrataTest" time="32.335" errors="0" timestamp="2024-10-24T15:54:00 IST" skipped="0">
  <testcase classname="EntrataTest" name="testBlogPage" time="6.659"/>
  <testcase classname="EntrataTest" name="testCareerPage" time="10.674"/>
  <testcase classname="EntrataTest" name="testSignIn" time="6.582"/>
  <testcase classname="EntrataTest" name="testHomePageTitle" time="8.420"/>
</testsuite> <!-- EntrataTest -->
